Arguments: 
  /usr/local/bin/node /usr/local/bin/yarn global bin

PATH: 
  /Users/eddyekofo/bin:/usr/local/bin:/usr/local/bin:/usr/bin:/bin:/usr/sbin:/sbin:/usr/local/share/dotnet:/Library/Frameworks/Mono.framework/Versions/Current/Commands:/usr/local/opt/php71/bin:/usr/local/opt/openssl@1.1/bin:/Users/eddyekofo/bin

Yarn version: 
  0.27.5

Node version: 
  8.1.3

Platform: 
  darwin x64

npm manifest: 
  {
    "name": "adonis-fullstack-app",
    "version": "4.0.0",
    "adonis-version": "4.0.0",
    "description": "The fullstack application boilerplate for Adonisjs",
    "main": "index.js",
    "scripts": {
      "start": "node server.js",
      "test": "node ace test"
    },
    "keywords": [
      "adonisjs",
      "adonis-app"
    ],
    "author": "",
    "license": "UNLICENSED",
    "private": true,
    "dependencies": {
      "@adonisjs/ace": "^4.0.7",
      "@adonisjs/auth": "^2.0.10",
      "@adonisjs/bodyparser": "^1.0.8",
      "@adonisjs/cors": "^1.0.2",
      "@adonisjs/fold": "^4.0.5",
      "@adonisjs/framework": "^4.0.27", //The main framework
      "@adonisjs/ignitor": "^1.0.14",
      "@adonisjs/lucid": "^4.0.22",
      "@adonisjs/session": "^1.0.19",
      "@adonisjs/shield": "^1.0.4"
    },
    "devDependencies": {},
    "autoload": {
      "App": "./app"
    }
  }

yarn manifest: 
  No manifest

Lockfile: 
  No lockfile

Trace: 
  SyntaxError: /Users/eddyekofo/Coding/WebDev/Nodejs/Adonisjs/AdonisProj/package.json: Unexpected token / in JSON at position 599
      at JSON.parse (<anonymous>)
      at /usr/local/lib/node_modules/yarn/lib/util/fs.js:554:57
      at Generator.next (<anonymous>)
      at step (/usr/local/lib/node_modules/yarn/node_modules/babel-runtime/helpers/asyncToGenerator.js:17:30)
      at /usr/local/lib/node_modules/yarn/node_modules/babel-runtime/helpers/asyncToGenerator.js:28:13
      at <anonymous>
